[22:34:23] [ServerMain/INFO]: [bootstrap] Running Java 21 (OpenJDK 64-Bit Server VM 21.0.4+7-LTS; Microsoft Microsoft-9889606) on Linux 6.5.0-1025-azure (amd64)
[22:34:23] [ServerMain/INFO]: [bootstrap] Loading Paper 1.21.3-15-master@99f4bb2 (2024-11-08T11:34:49Z) for Minecraft 1.21.3
[22:34:23] [ServerMain/INFO]: [PluginInitializerManager] Initializing plugins...
[22:34:25] [ServerMain/INFO]: [PluginInitializerManager] Initialized 2 plugins
[22:34:25] [ServerMain/INFO]: [PluginInitializerManager] Bukkit plugins (2):
 - ChatColor2 (1.15.1), SkinsRestorer (15.4.4)
[22:34:30] [ServerMain/INFO]: Environment: Environment[sessionHost=https://sessionserver.mojang.com, servicesHost=https://api.minecraftservices.com, name=PROD]
[22:34:33] [ServerMain/INFO]: Loaded 1337 recipes
[22:34:33] [ServerMain/INFO]: Loaded 1448 advancements
[22:34:33] [Server thread/INFO]: Starting minecraft server version 1.21.3
[22:34:33] [Server thread/INFO]: Loading properties
[22:34:33] [Server thread/INFO]: This server is running Paper version 1.21.3-15-master@99f4bb2 (2024-11-08T11:34:49Z) (Implementing API version 1.21.3-R0.1-SNAPSHOT)
[22:34:34] [Server thread/INFO]: [spark] This server bundles the spark profiler. For more information please visit https://docs.papermc.io/paper/profiling
[22:34:34] [Server thread/INFO]: Server Ping Player Sample Count: 12
[22:34:34] [Server thread/INFO]: Using 4 threads for Netty based IO
[22:34:35] [Server thread/INFO]: [ca.spottedleaf.moonrise.common.util.MoonriseCommon] Paper is using 1 worker threads, 1 I/O threads
[22:34:35] [Server thread/INFO]: [ca.spottedleaf.moonrise.patches.chunk_system.scheduling.ChunkTaskScheduler] Chunk system is using population gen parallelism: true
[22:34:35] [Server thread/INFO]: Default game type: SURVIVAL
[22:34:35] [Server thread/INFO]: Generating keypair
[22:34:35] [Server thread/INFO]: Starting Minecraft server on *:25565
[22:34:35] [Server thread/INFO]: Using epoll channel type
[22:34:35] [Server thread/INFO]: Paper: Using libdeflate (Linux x86_64) compression from Velocity.
[22:34:35] [Server thread/INFO]: Paper: Using OpenSSL 1.1.x (Linux x86_64) cipher from Velocity.
[22:34:35] [Server thread/INFO]: [ChatColor2] Loading server plugin ChatColor2 v1.15.1
[22:34:35] [Server thread/INFO]: [SkinsRestorer] Loading server plugin SkinsRestorer v15.4.4
[22:34:35] [Server thread/INFO]: Server permissions file permissions.yml is empty, ignoring it
[22:34:35] [Server thread/INFO]: [SkinsRestorer] Enabling SkinsRestorer v15.4.4
[22:34:36] [Server thread/WARN]: [SkinsRestorer] You must agree to the rules at 'commands.perSkinPermissionsConsent' in the config to use per skin permissions.
[22:34:37] [Server thread/INFO]: [SkinsRestorer] Running on Minecraft 1.21.3.
[22:34:38] [Server thread/INFO]: [SkinsRestorer] Using paper join listener!
[22:34:38] [Server thread/WARN]: **** SERVER IS RUNNING IN OFFLINE/INSECURE MODE!
[22:34:38] [Server thread/WARN]: The server will make no attempt to authenticate usernames. Beware.
[22:34:38] [Server thread/WARN]: While this makes the game possible to play without internet access, it also opens up the ability for hackers to connect with any username they choose.
[22:34:38] [Server thread/WARN]: To change this, set "online-mode" to "true" in the server.properties file.
[22:34:38] [Server thread/INFO]: Preparing level "world"
[22:34:38] [Folia Async Scheduler Thread #1/INFO]: [SkinsRestorer] ----------------------------------------------
[22:34:38] [Folia Async Scheduler Thread #1/INFO]: [SkinsRestorer]     +==================+
[22:34:38] [Folia Async Scheduler Thread #1/INFO]: [SkinsRestorer]     |   SkinsRestorer  |
[22:34:38] [Folia Async Scheduler Thread #1/INFO]: [SkinsRestorer]     |------------------|
[22:34:38] [Folia Async Scheduler Thread #1/INFO]: [SkinsRestorer]     |  Standalone Mode |
[22:34:38] [Folia Async Scheduler Thread #1/INFO]: [SkinsRestorer]     +==================+
[22:34:38] [Folia Async Scheduler Thread #1/INFO]: [SkinsRestorer] ----------------------------------------------
[22:34:38] [Folia Async Scheduler Thread #1/INFO]: [SkinsRestorer]     Version: 15.4.4
[22:34:38] [Folia Async Scheduler Thread #1/INFO]: [SkinsRestorer]     Commit: dc501c7
[22:34:38] [Folia Async Scheduler Thread #1/INFO]: [SkinsRestorer]     This is the latest version!
[22:34:38] [Folia Async Scheduler Thread #1/INFO]: [SkinsRestorer] ----------------------------------------------
[22:34:38] [Folia Async Scheduler Thread #1/INFO]: [SkinsRestorer] Do you have issues? Read our troubleshooting guide: https://skinsrestorer.net/docs/troubleshooting
[22:34:38] [Folia Async Scheduler Thread #1/INFO]: [SkinsRestorer] Want to support SkinsRestorer? Consider donating: https://skinsrestorer.net/donate
[22:34:38] [Server thread/INFO]: Preparing start region for dimension minecraft:overworld
[22:34:39] [Server thread/INFO]: Preparing spawn area: 0%
[22:34:39] [Server thread/INFO]: Preparing spawn area: 2%
[22:34:39] [Paper Common Worker #0/INFO]: [ca.spottedleaf.dataconverter.minecraft.datatypes.MCTypeRegistry] Initialising converters for DataConverter...
[22:34:40] [Paper Common Worker #0/INFO]: [ca.spottedleaf.dataconverter.minecraft.datatypes.MCTypeRegistry] Finished initialising converters for DataConverter in 376.5ms
[22:34:40] [Server thread/INFO]: Preparing spawn area: 12%
[22:34:40] [Server thread/INFO]: Preparing spawn area: 12%
[22:34:40] [Server thread/INFO]: Preparing spawn area: 12%
[22:34:41] [Server thread/INFO]: Time elapsed: 2162 ms
[22:34:41] [Server thread/INFO]: Preparing start region for dimension minecraft:the_nether
[22:34:41] [Server thread/INFO]: Preparing spawn area: 0%
[22:34:41] [Server thread/INFO]: Preparing spawn area: 32%
[22:34:41] [Server thread/INFO]: Time elapsed: 764 ms
[22:34:41] [Server thread/INFO]: Preparing start region for dimension minecraft:the_end
[22:34:41] [Server thread/INFO]: Preparing spawn area: 0%
[22:34:42] [Server thread/INFO]: Time elapsed: 263 ms
[22:34:42] [Server thread/INFO]: [ChatColor2] Enabling ChatColor2 v1.15.1
[22:34:42] [Server thread/INFO]: [ChatColor] ChatColor 2 Version 1.15.1 has been enabled.
[22:34:42] [Server thread/INFO]: [ChatColor] Current update: GUI rework & additional features! (+Bug fixes)
[22:34:42] [Server thread/INFO]: [ChatColor] PlaceholderAPI not found, placeholders will not be available.
[22:34:42] [Server thread/INFO]: [ChatColor] Metrics is enabled for this plugin. Stats sent to https://bstats.org/plugin/bukkit/ChatColor2
[22:34:42] [Server thread/INFO]: [spark] Starting background profiler...
[22:34:42] [Server thread/INFO]: Done preparing level "world" (4.623s)
[22:34:42] [Server thread/INFO]: Running delayed init tasks
[22:34:42] [Server thread/INFO]: Done (20.492s)! For help, type "help"
[22:35:49] [User Authenticator #0/INFO]: UUID of player Il_Duko_lI is 03c0f2cd-efa9-348d-99d6-7649998abc1d
[22:35:51] [Server thread/INFO]: Il_Duko_lI joined the game
[22:35:51] [Server thread/INFO]: Il_Duko_lI[/127.154.104.233:43847] logged in with entity id 86 at ([world]1269.956791271676, 65.0, 1329.1751657441991)
[22:38:43] [Server thread/INFO]: Il_Duko_lI issued server command: /gamemode
[22:53:58] [Server thread/INFO]: Il_Duko_lI issued server command: /tp Il_Duko_lI 1274.0 143 1299.0
[22:58:47] [Server thread/INFO]: Il_Duko_lI lost connection: Disconnected
[22:58:47] [Server thread/INFO]: Il_Duko_lI left the game
[23:00:36] [Server thread/INFO]: Stopping the server
[23:00:36] [Server thread/INFO]: Stopping server
[23:00:36] [Server thread/INFO]: [SkinsRestorer] Disabling SkinsRestorer v15.4.4
[23:00:36] [Server thread/INFO]: [ChatColor2] Disabling ChatColor2 v1.15.1
[23:00:36] [Server thread/INFO]: [ChatColor] ChatColor 2 Version 1.15.1 has been disabled.
[23:00:36] [Server thread/INFO]: Saving players
[23:00:36] [Server thread/INFO]: Saving worlds
[23:00:36] [Server thread/INFO]: Saving chunks for level 'ServerLevel[world]'/minecraft:overworld
[23:00:36] [Server thread/INFO]: [ca.spottedleaf.moonrise.patches.chunk_system.scheduling.ChunkHolderManager] Waiting 60s for chunk system to halt for world 'world'
[23:00:36] [Server thread/INFO]: [ca.spottedleaf.moonrise.patches.chunk_system.scheduling.ChunkHolderManager] Halted chunk system for world 'world'
[23:00:36] [Server thread/INFO]: [ca.spottedleaf.moonrise.patches.chunk_system.scheduling.ChunkHolderManager] Saving all chunkholders for world 'world'
[23:00:36] [Server thread/INFO]: [ca.spottedleaf.moonrise.patches.chunk_system.scheduling.ChunkHolderManager] Saved 0 block chunks, 68 entity chunks, 0 poi chunks in world 'world' in 0.46s
[23:00:36] [Server thread/INFO]: [ca.spottedleaf.moonrise.patches.chunk_system.scheduling.ChunkHolderManager] Waiting 60s for chunk I/O to halt for world 'world'
[23:00:36] [Server thread/INFO]: [ca.spottedleaf.moonrise.patches.chunk_system.scheduling.ChunkHolderManager] Halted I/O scheduler for world 'world'
[23:00:37] [Server thread/INFO]: Saving chunks for level 'ServerLevel[world_nether]'/minecraft:the_nether
[23:00:37] [Server thread/INFO]: [ca.spottedleaf.moonrise.patches.chunk_system.scheduling.ChunkHolderManager] Waiting 60s for chunk system to halt for world 'world_nether'
[23:00:37] [Server thread/INFO]: [ca.spottedleaf.moonrise.patches.chunk_system.scheduling.ChunkHolderManager] Halted chunk system for world 'world_nether'
[23:00:37] [Server thread/INFO]: [ca.spottedleaf.moonrise.patches.chunk_system.scheduling.ChunkHolderManager] Saving all chunkholders for world 'world_nether'
[23:00:37] [Server thread/INFO]: [ca.spottedleaf.moonrise.patches.chunk_system.scheduling.ChunkHolderManager] Saved 17 block chunks, 74 entity chunks, 0 poi chunks in world 'world_nether' in 0.24s
[23:00:37] [Server thread/INFO]: [ca.spottedleaf.moonrise.patches.chunk_system.scheduling.ChunkHolderManager] Waiting 60s for chunk I/O to halt for world 'world_nether'
[23:00:37] [Server thread/INFO]: [ca.spottedleaf.moonrise.patches.chunk_system.scheduling.ChunkHolderManager] Halted I/O scheduler for world 'world_nether'
[23:00:37] [Server thread/INFO]: Saving chunks for level 'ServerLevel[world_the_end]'/minecraft:the_end
[23:00:37] [Server thread/INFO]: [ca.spottedleaf.moonrise.patches.chunk_system.scheduling.ChunkHolderManager] Waiting 60s for chunk system to halt for world 'world_the_end'
[23:00:37] [Server thread/INFO]: [ca.spottedleaf.moonrise.patches.chunk_system.scheduling.ChunkHolderManager] Halted chunk system for world 'world_the_end'
[23:00:37] [Server thread/INFO]: [ca.spottedleaf.moonrise.patches.chunk_system.scheduling.ChunkHolderManager] Saving all chunkholders for world 'world_the_end'
[23:00:37] [Server thread/INFO]: [ca.spottedleaf.moonrise.patches.chunk_system.scheduling.ChunkHolderManager] Saved 0 block chunks, 10 entity chunks, 0 poi chunks in world 'world_the_end' in 0.03s
[23:00:37] [Server thread/INFO]: [ca.spottedleaf.moonrise.patches.chunk_system.scheduling.ChunkHolderManager] Waiting 60s for chunk I/O to halt for world 'world_the_end'
[23:00:37] [Server thread/INFO]: [ca.spottedleaf.moonrise.patches.chunk_system.scheduling.ChunkHolderManager] Halted I/O scheduler for world 'world_the_end'
[23:00:37] [Server thread/INFO]: ThreadedAnvilChunkStorage (world): All chunks are saved
[23:00:37] [Server thread/INFO]: ThreadedAnvilChunkStorage (DIM-1): All chunks are saved
[23:00:37] [Server thread/INFO]: ThreadedAnvilChunkStorage (DIM1): All chunks are saved
[23:00:37] [Server thread/INFO]: ThreadedAnvilChunkStorage: All dimensions are saved
[23:00:37] [Server thread/INFO]: Waiting for I/O tasks to complete...
[23:00:37] [Server thread/INFO]: All I/O tasks to complete
[23:00:37] [Server thread/INFO]: [ca.spottedleaf.moonrise.common.util.MoonriseCommon] Awaiting termination of worker pool for up to 60s...
[23:00:37] [Server thread/INFO]: [ca.spottedleaf.moonrise.common.util.MoonriseCommon] Awaiting termination of I/O pool for up to 60s...
